# JRE version: OpenJDK Runtime Environment Temurin-21.0.7+6 (21.0.7+6) (build 21.0.7+6-LTS)
# Java VM: OpenJDK 64-Bit Server VM Temurin-21.0.7+6 (21.0.7+6-LTS, mixed mode, sharing, tiered, compressed oops, compressed class ptrs, parallel gc, windows-amd64)
GC Precious Log:
 CardTable entry size: 512
 CPUs: 12 total, 12 available
 Memory: 24236M
 Large Page Support: Disabled
 NUMA Support: Disabled
 Compressed Oops: Enabled (32-bit)
 Alignments: Space 512K, Generation 512K, Heap 2M
 Heap Min Capacity: 100M
 Heap Initial Capacity: 100M
 Heap Max Capacity: 1G
 Pre-touch: Disabled
 Parallel Workers: 10
Heap:
 PSYoungGen      total 5632K, used 5616K [0x00000000eab00000, 0x00000000eb200000, 0x0000000100000000)
  eden space 5120K, 100% used [0x00000000eab00000,0x00000000eb000000,0x00000000eb000000)
  from space 512K, 96% used [0x00000000eb180000,0x00000000eb1fc010,0x00000000eb200000)
  to   space 1024K, 83% used [0x00000000eb080000,0x00000000eb156410,0x00000000eb180000)
 ParOldGen       total 652288K, used 651851K [0x00000000c0000000, 0x00000000e7d00000, 0x00000000eab00000)
  object space 652288K, 99% used [0x00000000c0000000,0x00000000e7c92f70,0x00000000e7d00000)
 Metaspace       used 60588K, committed 62016K, reserved 1114112K
  class space    used 6703K, committed 7296K, reserved 1048576K
GC Heap History (20 events):
Event: 19.637 GC heap before
{Heap before GC invocations=958 (full 3):
 PSYoungGen      total 6144K, used 5952K [0x00000000eab00000, 0x00000000eb200000, 0x0000000100000000)
  eden space 5120K, 100% used [0x00000000eab00000,0x00000000eb000000,0x00000000eb000000)
  from space 1024K, 81% used [0x00000000eb100000,0x00000000eb1d0000,0x00000000eb200000)
  to   space 1024K, 0% used [0x00000000eb000000,0x00000000eb000000,0x00000000eb100000)
 ParOldGen       total 643584K, used 643487K [0x00000000c0000000, 0x00000000e7480000, 0x00000000eab00000)
  object space 643584K, 99% used [0x00000000c0000000,0x00000000e7467c50,0x00000000e7480000)
 Metaspace       used 60588K, committed 62016K, reserved 1114112K
  class space    used 6703K, committed 7296K, reserved 1048576K
}
Event: 19.639 GC heap after
{Heap after GC invocations=958 (full 3):
 PSYoungGen      total 6144K, used 1023K [0x00000000eab00000, 0x00000000eb400000, 0x0000000100000000)
  eden space 5120K, 0% used [0x00000000eab00000,0x00000000eab00000,0x00000000eb000000)
  from space 1024K, 99% used [0x00000000eb000000,0x00000000eb0fffd0,0x00000000eb100000)
  to   space 2048K, 0% used [0x00000000eb200000,0x00000000eb200000,0x00000000eb400000)
 ParOldGen       total 644608K, used 644295K [0x00000000c0000000, 0x00000000e7580000, 0x00000000eab00000)
  object space 644608K, 99% used [0x00000000c0000000,0x00000000e7531c50,0x00000000e7580000)
 Metaspace       used 60588K, committed 62016K, reserved 1114112K
  class space    used 6703K, committed 7296K, reserved 1048576K
}
Event: 19.650 GC heap before
{Heap before GC invocations=959 (full 3):
 PSYoungGen      total 6144K, used 6143K [0x00000000eab00000, 0x00000000eb400000, 0x0000000100000000)
  eden space 5120K, 100% used [0x00000000eab00000,0x00000000eb000000,0x00000000eb000000)
  from space 1024K, 99% used [0x00000000eb000000,0x00000000eb0fffd0,0x00000000eb100000)
  to   space 2048K, 0% used [0x00000000eb200000,0x00000000eb200000,0x00000000eb400000)
 ParOldGen       total 644608K, used 644295K [0x00000000c0000000, 0x00000000e7580000, 0x00000000eab00000)
  object space 644608K, 99% used [0x00000000c0000000,0x00000000e7531c50,0x00000000e7580000)
 Metaspace       used 60588K, committed 62016K, reserved 1114112K
  class space    used 6703K, committed 7296K, reserved 1048576K
}
Event: 19.651 GC heap after
{Heap after GC invocations=959 (full 3):
 PSYoungGen      total 6144K, used 1004K [0x00000000eab00000, 0x00000000eb300000, 0x0000000100000000)
  eden space 5120K, 0% used [0x00000000eab00000,0x00000000eab00000,0x00000000eb000000)
  from space 1024K, 98% used [0x00000000eb200000,0x00000000eb2fb0c8,0x00000000eb300000)
  to   space 1536K, 0% used [0x00000000eb000000,0x00000000eb000000,0x00000000eb180000)
 ParOldGen       total 645632K, used 645175K [0x00000000c0000000, 0x00000000e7680000, 0x00000000eab00000)
  object space 645632K, 99% used [0x00000000c0000000,0x00000000e760dc50,0x00000000e7680000)
 Metaspace       used 60588K, committed 62016K, reserved 1114112K
  class space    used 6703K, committed 7296K, reserved 1048576K
}
Event: 19.662 GC heap before
{Heap before GC invocations=960 (full 3):
 PSYoungGen      total 6144K, used 6124K [0x00000000eab00000, 0x00000000eb300000, 0x0000000100000000)
  eden space 5120K, 100% used [0x00000000eab00000,0x00000000eb000000,0x00000000eb000000)
  from space 1024K, 98% used [0x00000000eb200000,0x00000000eb2fb0c8,0x00000000eb300000)
  to   space 1536K, 0% used [0x00000000eb000000,0x00000000eb000000,0x00000000eb180000)
 ParOldGen       total 645632K, used 645175K [0x00000000c0000000, 0x00000000e7680000, 0x00000000eab00000)
  object space 645632K, 99% used [0x00000000c0000000,0x00000000e760dc50,0x00000000e7680000)
 Metaspace       used 60588K, committed 62016K, reserved 1114112K
  class space    used 6703K, committed 7296K, reserved 1048576K
}
Event: 19.664 GC heap after
{Heap after GC invocations=960 (full 3):
 PSYoungGen      total 6656K, used 960K [0x00000000eab00000, 0x00000000eb300000, 0x0000000100000000)
  eden space 5120K, 0% used [0x00000000eab00000,0x00000000eab00000,0x00000000eb000000)
  from space 1536K, 62% used [0x00000000eb000000,0x00000000eb0f0000,0x00000000eb180000)
  to   space 1536K, 0% used [0x00000000eb180000,0x00000000eb180000,0x00000000eb300000)
 ParOldGen       total 646144K, used 645983K [0x00000000c0000000, 0x00000000e7700000, 0x00000000eab00000)
  object space 646144K, 99% used [0x00000000c0000000,0x00000000e76d7c50,0x00000000e7700000)
 Metaspace       used 60588K, committed 62016K, reserved 1114112K
  class space    used 6703K, committed 7296K, reserved 1048576K
}
Event: 19.672 GC heap before
{Heap before GC invocations=961 (full 3):
 PSYoungGen      total 6656K, used 6080K [0x00000000eab00000, 0x00000000eb300000, 0x0000000100000000)
  eden space 5120K, 100% used [0x00000000eab00000,0x00000000eb000000,0x00000000eb000000)
  from space 1536K, 62% used [0x00000000eb000000,0x00000000eb0f0000,0x00000000eb180000)
  to   space 1536K, 0% used [0x00000000eb180000,0x00000000eb180000,0x00000000eb300000)
 ParOldGen       total 646144K, used 645983K [0x00000000c0000000, 0x00000000e7700000, 0x00000000eab00000)
  object space 646144K, 99% used [0x00000000c0000000,0x00000000e76d7c50,0x00000000e7700000)
 Metaspace       used 60588K, committed 62016K, reserved 1114112K
  class space    used 6703K, committed 7296K, reserved 1048576K
}
Event: 19.675 GC heap after
{Heap after GC invocations=961 (full 3):
 PSYoungGen      total 6144K, used 864K [0x00000000eab00000, 0x00000000eb280000, 0x0000000100000000)
  eden space 5120K, 0% used [0x00000000eab00000,0x00000000eab00000,0x00000000eb000000)
  from space 1024K, 84% used [0x00000000eb180000,0x00000000eb258000,0x00000000eb280000)
  to   space 1024K, 0% used [0x00000000eb080000,0x00000000eb080000,0x00000000eb180000)
 ParOldGen       total 647168K, used 646815K [0x00000000c0000000, 0x00000000e7800000, 0x00000000eab00000)
  object space 647168K, 99% used [0x00000000c0000000,0x00000000e77a7c50,0x00000000e7800000)
 Metaspace       used 60588K, committed 62016K, reserved 1114112K
  class space    used 6703K, committed 7296K, reserved 1048576K
}
Event: 19.686 GC heap before
{Heap before GC invocations=962 (full 3):
 PSYoungGen      total 6144K, used 5984K [0x00000000eab00000, 0x00000000eb280000, 0x0000000100000000)
  eden space 5120K, 100% used [0x00000000eab00000,0x00000000eb000000,0x00000000eb000000)
  from space 1024K, 84% used [0x00000000eb180000,0x00000000eb258000,0x00000000eb280000)
  to   space 1024K, 0% used [0x00000000eb080000,0x00000000eb080000,0x00000000eb180000)
 ParOldGen       total 647168K, used 646815K [0x00000000c0000000, 0x00000000e7800000, 0x00000000eab00000)
  object space 647168K, 99% used [0x00000000c0000000,0x00000000e77a7c50,0x00000000e7800000)
 Metaspace       used 60588K, committed 62016K, reserved 1114112K
  class space    used 6703K, committed 7296K, reserved 1048576K
}
Event: 19.687 GC heap after
{Heap after GC invocations=962 (full 3):
 PSYoungGen      total 6144K, used 800K [0x00000000eab00000, 0x00000000eb200000, 0x0000000100000000)
  eden space 5120K, 0% used [0x00000000eab00000,0x00000000eab00000,0x00000000eb000000)
  from space 1024K, 78% used [0x00000000eb080000,0x00000000eb148000,0x00000000eb180000)
  to   space 512K, 0% used [0x00000000eb180000,0x00000000eb180000,0x00000000eb200000)
 ParOldGen       total 647680K, used 647559K [0x00000000c0000000, 0x00000000e7880000, 0x00000000eab00000)
  object space 647680K, 99% used [0x00000000c0000000,0x00000000e7861c50,0x00000000e7880000)
 Metaspace       used 60588K, committed 62016K, reserved 1114112K
  class space    used 6703K, committed 7296K, reserved 1048576K
}
Event: 19.699 GC heap before
{Heap before GC invocations=963 (full 3):
 PSYoungGen      total 6144K, used 5920K [0x00000000eab00000, 0x00000000eb200000, 0x0000000100000000)
  eden space 5120K, 100% used [0x00000000eab00000,0x00000000eb000000,0x00000000eb000000)
  from space 1024K, 78% used [0x00000000eb080000,0x00000000eb148000,0x00000000eb180000)
  to   space 512K, 0% used [0x00000000eb180000,0x00000000eb180000,0x00000000eb200000)
 ParOldGen       total 647680K, used 647559K [0x00000000c0000000, 0x00000000e7880000, 0x00000000eab00000)
  object space 647680K, 99% used [0x00000000c0000000,0x00000000e7861c50,0x00000000e7880000)
 Metaspace       used 60588K, committed 62016K, reserved 1114112K
  class space    used 6703K, committed 7296K, reserved 1048576K
}
Event: 19.700 GC heap after
{Heap after GC invocations=963 (full 3):
 PSYoungGen      total 5632K, used 498K [0x00000000eab00000, 0x00000000eb300000, 0x0000000100000000)
  eden space 5120K, 0% used [0x00000000eab00000,0x00000000eab00000,0x00000000eb000000)
  from space 512K, 97% used [0x00000000eb180000,0x00000000eb1fc990,0x00000000eb200000)
  to   space 1536K, 0% used [0x00000000eb000000,0x00000000eb000000,0x00000000eb180000)
 ParOldGen       total 648704K, used 648463K [0x00000000c0000000, 0x00000000e7980000, 0x00000000eab00000)
  object space 648704K, 99% used [0x00000000c0000000,0x00000000e7943c50,0x00000000e7980000)
 Metaspace       used 60588K, committed 62016K, reserved 1114112K
  class space    used 6703K, committed 7296K, reserved 1048576K
}
Event: 19.712 GC heap before
{Heap before GC invocations=964 (full 3):
 PSYoungGen      total 5632K, used 5618K [0x00000000eab00000, 0x00000000eb300000, 0x0000000100000000)
  eden space 5120K, 100% used [0x00000000eab00000,0x00000000eb000000,0x00000000eb000000)
  from space 512K, 97% used [0x00000000eb180000,0x00000000eb1fc990,0x00000000eb200000)
  to   space 1536K, 0% used [0x00000000eb000000,0x00000000eb000000,0x00000000eb180000)
 ParOldGen       total 648704K, used 648463K [0x00000000c0000000, 0x00000000e7980000, 0x00000000eab00000)
  object space 648704K, 99% used [0x00000000c0000000,0x00000000e7943c50,0x00000000e7980000)
 Metaspace       used 60588K, committed 62016K, reserved 1114112K
  class space    used 6703K, committed 7296K, reserved 1048576K
}
Event: 19.713 GC heap after
{Heap after GC invocations=964 (full 3):
 PSYoungGen      total 6656K, used 928K [0x00000000eab00000, 0x00000000eb300000, 0x0000000100000000)
  eden space 5120K, 0% used [0x00000000eab00000,0x00000000eab00000,0x00000000eb000000)
  from space 1536K, 60% used [0x00000000eb000000,0x00000000eb0e8000,0x00000000eb180000)
  to   space 1536K, 0% used [0x00000000eb180000,0x00000000eb180000,0x00000000eb300000)
 ParOldGen       total 649216K, used 649011K [0x00000000c0000000, 0x00000000e7a00000, 0x00000000eab00000)
  object space 649216K, 99% used [0x00000000c0000000,0x00000000e79ccf70,0x00000000e7a00000)
 Metaspace       used 60588K, committed 62016K, reserved 1114112K
  class space    used 6703K, committed 7296K, reserved 1048576K
}
Event: 19.723 GC heap before
{Heap before GC invocations=965 (full 3):
 PSYoungGen      total 6656K, used 6048K [0x00000000eab00000, 0x00000000eb300000, 0x0000000100000000)
  eden space 5120K, 100% used [0x00000000eab00000,0x00000000eb000000,0x00000000eb000000)
  from space 1536K, 60% used [0x00000000eb000000,0x00000000eb0e8000,0x00000000eb180000)
  to   space 1536K, 0% used [0x00000000eb180000,0x00000000eb180000,0x00000000eb300000)
 ParOldGen       total 649216K, used 649011K [0x00000000c0000000, 0x00000000e7a00000, 0x00000000eab00000)
  object space 649216K, 99% used [0x00000000c0000000,0x00000000e79ccf70,0x00000000e7a00000)
 Metaspace       used 60588K, committed 62016K, reserved 1114112K
  class space    used 6703K, committed 7296K, reserved 1048576K
}
Event: 19.725 GC heap after
{Heap after GC invocations=965 (full 3):
 PSYoungGen      total 6144K, used 928K [0x00000000eab00000, 0x00000000eb280000, 0x0000000100000000)
  eden space 5120K, 0% used [0x00000000eab00000,0x00000000eab00000,0x00000000eb000000)
  from space 1024K, 90% used [0x00000000eb180000,0x00000000eb268000,0x00000000eb280000)
  to   space 1024K, 0% used [0x00000000eb080000,0x00000000eb080000,0x00000000eb180000)
 ParOldGen       total 650240K, used 649779K [0x00000000c0000000, 0x00000000e7b00000, 0x00000000eab00000)
  object space 650240K, 99% used [0x00000000c0000000,0x00000000e7a8cf70,0x00000000e7b00000)
 Metaspace       used 60588K, committed 62016K, reserved 1114112K
  class space    used 6703K, committed 7296K, reserved 1048576K
}
Event: 19.737 GC heap before
{Heap before GC invocations=966 (full 3):
 PSYoungGen      total 6144K, used 6048K [0x00000000eab00000, 0x00000000eb280000, 0x0000000100000000)
  eden space 5120K, 100% used [0x00000000eab00000,0x00000000eb000000,0x00000000eb000000)
  from space 1024K, 90% used [0x00000000eb180000,0x00000000eb268000,0x00000000eb280000)
  to   space 1024K, 0% used [0x00000000eb080000,0x00000000eb080000,0x00000000eb180000)
 ParOldGen       total 650240K, used 649779K [0x00000000c0000000, 0x00000000e7b00000, 0x00000000eab00000)
  object space 650240K, 99% used [0x00000000c0000000,0x00000000e7a8cf70,0x00000000e7b00000)
 Metaspace       used 60588K, committed 62016K, reserved 1114112K
  class space    used 6703K, committed 7296K, reserved 1048576K
}
Event: 19.739 GC heap after
{Heap after GC invocations=966 (full 3):
 PSYoungGen      total 6144K, used 928K [0x00000000eab00000, 0x00000000eb200000, 0x0000000100000000)
  eden space 5120K, 0% used [0x00000000eab00000,0x00000000eab00000,0x00000000eb000000)
  from space 1024K, 90% used [0x00000000eb080000,0x00000000eb168000,0x00000000eb180000)
  to   space 512K, 0% used [0x00000000eb180000,0x00000000eb180000,0x00000000eb200000)
 ParOldGen       total 650752K, used 650491K [0x00000000c0000000, 0x00000000e7b80000, 0x00000000eab00000)
  object space 650752K, 99% used [0x00000000c0000000,0x00000000e7b3ef70,0x00000000e7b80000)
 Metaspace       used 60588K, committed 62016K, reserved 1114112K
  class space    used 6703K, committed 7296K, reserved 1048576K
}
Event: 19.749 GC heap before
{Heap before GC invocations=967 (full 3):
 PSYoungGen      total 6144K, used 6048K [0x00000000eab00000, 0x00000000eb200000, 0x0000000100000000)
  eden space 5120K, 100% used [0x00000000eab00000,0x00000000eb000000,0x00000000eb000000)
  from space 1024K, 90% used [0x00000000eb080000,0x00000000eb168000,0x00000000eb180000)
  to   space 512K, 0% used [0x00000000eb180000,0x00000000eb180000,0x00000000eb200000)
 ParOldGen       total 650752K, used 650491K [0x00000000c0000000, 0x00000000e7b80000, 0x00000000eab00000)
  object space 650752K, 99% used [0x00000000c0000000,0x00000000e7b3ef70,0x00000000e7b80000)
 Metaspace       used 60588K, committed 62016K, reserved 1114112K
  class space    used 6703K, committed 7296K, reserved 1048576K
}
Event: 19.751 GC heap after
{Heap after GC invocations=967 (full 3):
 PSYoungGen      total 5632K, used 496K [0x00000000eab00000, 0x00000000eb200000, 0x0000000100000000)
  eden space 5120K, 0% used [0x00000000eab00000,0x00000000eab00000,0x00000000eb000000)
  from space 512K, 96% used [0x00000000eb180000,0x00000000eb1fc010,0x00000000eb200000)
  to   space 1024K, 0% used [0x00000000eb080000,0x00000000eb080000,0x00000000eb180000)
 ParOldGen       total 651776K, used 651555K [0x00000000c0000000, 0x00000000e7c80000, 0x00000000eab00000)
  object space 651776K, 99% used [0x00000000c0000000,0x00000000e7c48f70,0x00000000e7c80000)
 Metaspace       used 60588K, committed 62016K, reserved 1114112K
  class space    used 6703K, committed 7296K, reserved 1048576K
}

