# JRE version: OpenJDK Runtime Environment Temurin-21.0.7+6 (21.0.7+6) (build 21.0.7+6-LTS)
# Java VM: OpenJDK 64-Bit Server VM Temurin-21.0.7+6 (21.0.7+6-LTS, mixed mode, sharing, tiered, compressed oops, compressed class ptrs, parallel gc, windows-amd64)
GC Precious Log:
 CardTable entry size: 512
 CPUs: 12 total, 12 available
 Memory: 24236M
 Large Page Support: Disabled
 NUMA Support: Disabled
 Compressed Oops: Enabled (32-bit)
 Alignments: Space 512K, Generation 512K, Heap 2M
 Heap Min Capacity: 100M
 Heap Initial Capacity: 100M
 Heap Max Capacity: 1G
 Pre-touch: Disabled
 Parallel Workers: 10
Heap:
 PSYoungGen      total 20480K, used 6940K [0x00000000eab00000, 0x00000000ec000000, 0x0000000100000000)
  eden space 19456K, 30% used [0x00000000eab00000,0x00000000eb0df2c0,0x00000000ebe00000)
  from space 1024K, 90% used [0x00000000ebf00000,0x00000000ebfe8000,0x00000000ec000000)
  to   space 1024K, 0% used [0x00000000ebe00000,0x00000000ebe00000,0x00000000ebf00000)
 ParOldGen       total 68608K, used 26742K [0x00000000c0000000, 0x00000000c4300000, 0x00000000eab00000)
  object space 68608K, 38% used [0x00000000c0000000,0x00000000c1a1d830,0x00000000c4300000)
 Metaspace       used 41891K, committed 43008K, reserved 1114112K
  class space    used 4339K, committed 4800K, reserved 1048576K
GC Heap History (20 events):
Event: 3.941 GC heap before
{Heap before GC invocations=15 (full 1):
 PSYoungGen      total 22016K, used 21864K [0x00000000eab00000, 0x00000000ec280000, 0x0000000100000000)
  eden space 20480K, 100% used [0x00000000eab00000,0x00000000ebf00000,0x00000000ebf00000)
  from space 1536K, 90% used [0x00000000ec000000,0x00000000ec15a1f0,0x00000000ec180000)
  to   space 1024K, 0% used [0x00000000ec180000,0x00000000ec180000,0x00000000ec280000)
 ParOldGen       total 68608K, used 20843K [0x00000000c0000000, 0x00000000c4300000, 0x00000000eab00000)
  object space 68608K, 30% used [0x00000000c0000000,0x00000000c145ae90,0x00000000c4300000)
 Metaspace       used 32463K, committed 33472K, reserved 1114112K
  class space    used 3158K, committed 3584K, reserved 1048576K
}
Event: 3.942 GC heap after
{Heap after GC invocations=15 (full 1):
 PSYoungGen      total 21504K, used 1024K [0x00000000eab00000, 0x00000000ec400000, 0x0000000100000000)
  eden space 20480K, 0% used [0x00000000eab00000,0x00000000eab00000,0x00000000ebf00000)
  from space 1024K, 100% used [0x00000000ec180000,0x00000000ec280000,0x00000000ec280000)
  to   space 2560K, 0% used [0x00000000ebf00000,0x00000000ebf00000,0x00000000ec180000)
 ParOldGen       total 68608K, used 21850K [0x00000000c0000000, 0x00000000c4300000, 0x00000000eab00000)
  object space 68608K, 31% used [0x00000000c0000000,0x00000000c15568e8,0x00000000c4300000)
 Metaspace       used 32463K, committed 33472K, reserved 1114112K
  class space    used 3158K, committed 3584K, reserved 1048576K
}
Event: 4.124 GC heap before
{Heap before GC invocations=16 (full 1):
 PSYoungGen      total 21504K, used 21504K [0x00000000eab00000, 0x00000000ec400000, 0x0000000100000000)
  eden space 20480K, 100% used [0x00000000eab00000,0x00000000ebf00000,0x00000000ebf00000)
  from space 1024K, 100% used [0x00000000ec180000,0x00000000ec280000,0x00000000ec280000)
  to   space 2560K, 0% used [0x00000000ebf00000,0x00000000ebf00000,0x00000000ec180000)
 ParOldGen       total 68608K, used 21850K [0x00000000c0000000, 0x00000000c4300000, 0x00000000eab00000)
  object space 68608K, 31% used [0x00000000c0000000,0x00000000c15568e8,0x00000000c4300000)
 Metaspace       used 34064K, committed 35200K, reserved 1114112K
  class space    used 3358K, committed 3840K, reserved 1048576K
}
Event: 4.126 GC heap after
{Heap after GC invocations=16 (full 1):
 PSYoungGen      total 21504K, used 916K [0x00000000eab00000, 0x00000000ec200000, 0x0000000100000000)
  eden space 20480K, 0% used [0x00000000eab00000,0x00000000eab00000,0x00000000ebf00000)
  from space 1024K, 89% used [0x00000000ebf00000,0x00000000ebfe50c0,0x00000000ec000000)
  to   space 1536K, 0% used [0x00000000ec080000,0x00000000ec080000,0x00000000ec200000)
 ParOldGen       total 68608K, used 22810K [0x00000000c0000000, 0x00000000c4300000, 0x00000000eab00000)
  object space 68608K, 33% used [0x00000000c0000000,0x00000000c16468e8,0x00000000c4300000)
 Metaspace       used 34064K, committed 35200K, reserved 1114112K
  class space    used 3358K, committed 3840K, reserved 1048576K
}
Event: 4.175 GC heap before
{Heap before GC invocations=17 (full 1):
 PSYoungGen      total 21504K, used 10575K [0x00000000eab00000, 0x00000000ec200000, 0x0000000100000000)
  eden space 20480K, 47% used [0x00000000eab00000,0x00000000eb46ef08,0x00000000ebf00000)
  from space 1024K, 89% used [0x00000000ebf00000,0x00000000ebfe50c0,0x00000000ec000000)
  to   space 1536K, 0% used [0x00000000ec080000,0x00000000ec080000,0x00000000ec200000)
 ParOldGen       total 68608K, used 22810K [0x00000000c0000000, 0x00000000c4300000, 0x00000000eab00000)
  object space 68608K, 33% used [0x00000000c0000000,0x00000000c16468e8,0x00000000c4300000)
 Metaspace       used 34711K, committed 35840K, reserved 1114112K
  class space    used 3452K, committed 3968K, reserved 1048576K
}
Event: 4.176 GC heap after
{Heap after GC invocations=17 (full 1):
 PSYoungGen      total 22016K, used 1036K [0x00000000eab00000, 0x00000000ec200000, 0x0000000100000000)
  eden space 20480K, 0% used [0x00000000eab00000,0x00000000eab00000,0x00000000ebf00000)
  from space 1536K, 67% used [0x00000000ec080000,0x00000000ec1833b8,0x00000000ec200000)
  to   space 1536K, 0% used [0x00000000ebf00000,0x00000000ebf00000,0x00000000ec080000)
 ParOldGen       total 68608K, used 23510K [0x00000000c0000000, 0x00000000c4300000, 0x00000000eab00000)
  object space 68608K, 34% used [0x00000000c0000000,0x00000000c16f5a48,0x00000000c4300000)
 Metaspace       used 34711K, committed 35840K, reserved 1114112K
  class space    used 3452K, committed 3968K, reserved 1048576K
}
Event: 4.176 GC heap before
{Heap before GC invocations=18 (full 2):
 PSYoungGen      total 22016K, used 1036K [0x00000000eab00000, 0x00000000ec200000, 0x0000000100000000)
  eden space 20480K, 0% used [0x00000000eab00000,0x00000000eab00000,0x00000000ebf00000)
  from space 1536K, 67% used [0x00000000ec080000,0x00000000ec1833b8,0x00000000ec200000)
  to   space 1536K, 0% used [0x00000000ebf00000,0x00000000ebf00000,0x00000000ec080000)
 ParOldGen       total 68608K, used 23510K [0x00000000c0000000, 0x00000000c4300000, 0x00000000eab00000)
  object space 68608K, 34% used [0x00000000c0000000,0x00000000c16f5a48,0x00000000c4300000)
 Metaspace       used 34711K, committed 35840K, reserved 1114112K
  class space    used 3452K, committed 3968K, reserved 1048576K
}
Event: 4.205 GC heap after
{Heap after GC invocations=18 (full 2):
 PSYoungGen      total 22016K, used 0K [0x00000000eab00000, 0x00000000ec200000, 0x0000000100000000)
  eden space 20480K, 0% used [0x00000000eab00000,0x00000000eab00000,0x00000000ebf00000)
  from space 1536K, 0% used [0x00000000ec080000,0x00000000ec080000,0x00000000ec200000)
  to   space 1536K, 0% used [0x00000000ebf00000,0x00000000ebf00000,0x00000000ec080000)
 ParOldGen       total 68608K, used 23674K [0x00000000c0000000, 0x00000000c4300000, 0x00000000eab00000)
  object space 68608K, 34% used [0x00000000c0000000,0x00000000c171e980,0x00000000c4300000)
 Metaspace       used 34711K, committed 35840K, reserved 1114112K
  class space    used 3452K, committed 3968K, reserved 1048576K
}
Event: 4.374 GC heap before
{Heap before GC invocations=19 (full 2):
 PSYoungGen      total 22016K, used 20480K [0x00000000eab00000, 0x00000000ec200000, 0x0000000100000000)
  eden space 20480K, 100% used [0x00000000eab00000,0x00000000ebf00000,0x00000000ebf00000)
  from space 1536K, 0% used [0x00000000ec080000,0x00000000ec080000,0x00000000ec200000)
  to   space 1536K, 0% used [0x00000000ebf00000,0x00000000ebf00000,0x00000000ec080000)
 ParOldGen       total 68608K, used 23674K [0x00000000c0000000, 0x00000000c4300000, 0x00000000eab00000)
  object space 68608K, 34% used [0x00000000c0000000,0x00000000c171e980,0x00000000c4300000)
 Metaspace       used 36558K, committed 37824K, reserved 1114112K
  class space    used 3690K, committed 4224K, reserved 1048576K
}
Event: 4.375 GC heap after
{Heap after GC invocations=19 (full 2):
 PSYoungGen      total 21504K, used 928K [0x00000000eab00000, 0x00000000ec100000, 0x0000000100000000)
  eden space 20480K, 0% used [0x00000000eab00000,0x00000000eab00000,0x00000000ebf00000)
  from space 1024K, 90% used [0x00000000ebf00000,0x00000000ebfe8000,0x00000000ec000000)
  to   space 1024K, 0% used [0x00000000ec000000,0x00000000ec000000,0x00000000ec100000)
 ParOldGen       total 68608K, used 23682K [0x00000000c0000000, 0x00000000c4300000, 0x00000000eab00000)
  object space 68608K, 34% used [0x00000000c0000000,0x00000000c1720980,0x00000000c4300000)
 Metaspace       used 36558K, committed 37824K, reserved 1114112K
  class space    used 3690K, committed 4224K, reserved 1048576K
}
Event: 4.535 GC heap before
{Heap before GC invocations=20 (full 2):
 PSYoungGen      total 21504K, used 21408K [0x00000000eab00000, 0x00000000ec100000, 0x0000000100000000)
  eden space 20480K, 100% used [0x00000000eab00000,0x00000000ebf00000,0x00000000ebf00000)
  from space 1024K, 90% used [0x00000000ebf00000,0x00000000ebfe8000,0x00000000ec000000)
  to   space 1024K, 0% used [0x00000000ec000000,0x00000000ec000000,0x00000000ec100000)
 ParOldGen       total 68608K, used 23682K [0x00000000c0000000, 0x00000000c4300000, 0x00000000eab00000)
  object space 68608K, 34% used [0x00000000c0000000,0x00000000c1720980,0x00000000c4300000)
 Metaspace       used 37359K, committed 38528K, reserved 1114112K
  class space    used 3793K, committed 4288K, reserved 1048576K
}
Event: 4.536 GC heap after
{Heap after GC invocations=20 (full 2):
 PSYoungGen      total 20480K, used 1005K [0x00000000eab00000, 0x00000000ec300000, 0x0000000100000000)
  eden space 19456K, 0% used [0x00000000eab00000,0x00000000eab00000,0x00000000ebe00000)
  from space 1024K, 98% used [0x00000000ec000000,0x00000000ec0fb670,0x00000000ec100000)
  to   space 2048K, 0% used [0x00000000ebe00000,0x00000000ebe00000,0x00000000ec000000)
 ParOldGen       total 68608K, used 24552K [0x00000000c0000000, 0x00000000c4300000, 0x00000000eab00000)
  object space 68608K, 35% used [0x00000000c0000000,0x00000000c17fa208,0x00000000c4300000)
 Metaspace       used 37359K, committed 38528K, reserved 1114112K
  class space    used 3793K, committed 4288K, reserved 1048576K
}
Event: 4.683 GC heap before
{Heap before GC invocations=21 (full 2):
 PSYoungGen      total 20480K, used 20368K [0x00000000eab00000, 0x00000000ec300000, 0x0000000100000000)
  eden space 19456K, 99% used [0x00000000eab00000,0x00000000ebde8a40,0x00000000ebe00000)
  from space 1024K, 98% used [0x00000000ec000000,0x00000000ec0fb670,0x00000000ec100000)
  to   space 2048K, 0% used [0x00000000ebe00000,0x00000000ebe00000,0x00000000ec000000)
 ParOldGen       total 68608K, used 24552K [0x00000000c0000000, 0x00000000c4300000, 0x00000000eab00000)
  object space 68608K, 35% used [0x00000000c0000000,0x00000000c17fa208,0x00000000c4300000)
 Metaspace       used 38038K, committed 39168K, reserved 1114112K
  class space    used 3867K, committed 4352K, reserved 1048576K
}
Event: 4.685 GC heap after
{Heap after GC invocations=21 (full 2):
 PSYoungGen      total 20992K, used 1096K [0x00000000eab00000, 0x00000000ec100000, 0x0000000100000000)
  eden space 19456K, 0% used [0x00000000eab00000,0x00000000eab00000,0x00000000ebe00000)
  from space 1536K, 71% used [0x00000000ebe00000,0x00000000ebf12020,0x00000000ebf80000)
  to   space 1536K, 0% used [0x00000000ebf80000,0x00000000ebf80000,0x00000000ec100000)
 ParOldGen       total 68608K, used 25118K [0x00000000c0000000, 0x00000000c4300000, 0x00000000eab00000)
  object space 68608K, 36% used [0x00000000c0000000,0x00000000c1887868,0x00000000c4300000)
 Metaspace       used 38038K, committed 39168K, reserved 1114112K
  class space    used 3867K, committed 4352K, reserved 1048576K
}
Event: 4.848 GC heap before
{Heap before GC invocations=22 (full 2):
 PSYoungGen      total 20992K, used 20552K [0x00000000eab00000, 0x00000000ec100000, 0x0000000100000000)
  eden space 19456K, 100% used [0x00000000eab00000,0x00000000ebe00000,0x00000000ebe00000)
  from space 1536K, 71% used [0x00000000ebe00000,0x00000000ebf12020,0x00000000ebf80000)
  to   space 1536K, 0% used [0x00000000ebf80000,0x00000000ebf80000,0x00000000ec100000)
 ParOldGen       total 68608K, used 25118K [0x00000000c0000000, 0x00000000c4300000, 0x00000000eab00000)
  object space 68608K, 36% used [0x00000000c0000000,0x00000000c1887868,0x00000000c4300000)
 Metaspace       used 38759K, committed 40000K, reserved 1114112K
  class space    used 3950K, committed 4480K, reserved 1048576K
}
Event: 4.849 GC heap after
{Heap after GC invocations=22 (full 2):
 PSYoungGen      total 20992K, used 1103K [0x00000000eab00000, 0x00000000ec100000, 0x0000000100000000)
  eden space 19456K, 0% used [0x00000000eab00000,0x00000000eab00000,0x00000000ebe00000)
  from space 1536K, 71% used [0x00000000ebf80000,0x00000000ec093fc8,0x00000000ec100000)
  to   space 1536K, 0% used [0x00000000ebe00000,0x00000000ebe00000,0x00000000ebf80000)
 ParOldGen       total 68608K, used 25646K [0x00000000c0000000, 0x00000000c4300000, 0x00000000eab00000)
  object space 68608K, 37% used [0x00000000c0000000,0x00000000c190b868,0x00000000c4300000)
 Metaspace       used 38759K, committed 40000K, reserved 1114112K
  class space    used 3950K, committed 4480K, reserved 1048576K
}
Event: 4.988 GC heap before
{Heap before GC invocations=23 (full 2):
 PSYoungGen      total 20992K, used 20559K [0x00000000eab00000, 0x00000000ec100000, 0x0000000100000000)
  eden space 19456K, 100% used [0x00000000eab00000,0x00000000ebe00000,0x00000000ebe00000)
  from space 1536K, 71% used [0x00000000ebf80000,0x00000000ec093fc8,0x00000000ec100000)
  to   space 1536K, 0% used [0x00000000ebe00000,0x00000000ebe00000,0x00000000ebf80000)
 ParOldGen       total 68608K, used 25646K [0x00000000c0000000, 0x00000000c4300000, 0x00000000eab00000)
  object space 68608K, 37% used [0x00000000c0000000,0x00000000c190b868,0x00000000c4300000)
 Metaspace       used 39448K, committed 40640K, reserved 1114112K
  class space    used 4032K, committed 4544K, reserved 1048576K
}
Event: 4.990 GC heap after
{Heap after GC invocations=23 (full 2):
 PSYoungGen      total 20480K, used 704K [0x00000000eab00000, 0x00000000ec000000, 0x0000000100000000)
  eden space 19456K, 0% used [0x00000000eab00000,0x00000000eab00000,0x00000000ebe00000)
  from space 1024K, 68% used [0x00000000ebe00000,0x00000000ebeb0000,0x00000000ebf00000)
  to   space 1024K, 0% used [0x00000000ebf00000,0x00000000ebf00000,0x00000000ec000000)
 ParOldGen       total 68608K, used 26206K [0x00000000c0000000, 0x00000000c4300000, 0x00000000eab00000)
  object space 68608K, 38% used [0x00000000c0000000,0x00000000c1997830,0x00000000c4300000)
 Metaspace       used 39448K, committed 40640K, reserved 1114112K
  class space    used 4032K, committed 4544K, reserved 1048576K
}
Event: 5.296 GC heap before
{Heap before GC invocations=24 (full 2):
 PSYoungGen      total 20480K, used 20160K [0x00000000eab00000, 0x00000000ec000000, 0x0000000100000000)
  eden space 19456K, 100% used [0x00000000eab00000,0x00000000ebe00000,0x00000000ebe00000)
  from space 1024K, 68% used [0x00000000ebe00000,0x00000000ebeb0000,0x00000000ebf00000)
  to   space 1024K, 0% used [0x00000000ebf00000,0x00000000ebf00000,0x00000000ec000000)
 ParOldGen       total 68608K, used 26206K [0x00000000c0000000, 0x00000000c4300000, 0x00000000eab00000)
  object space 68608K, 38% used [0x00000000c0000000,0x00000000c1997830,0x00000000c4300000)
 Metaspace       used 41204K, committed 42368K, reserved 1114112K
  class space    used 4254K, committed 4736K, reserved 1048576K
}
Event: 5.297 GC heap after
{Heap after GC invocations=24 (full 2):
 PSYoungGen      total 20480K, used 928K [0x00000000eab00000, 0x00000000ec000000, 0x0000000100000000)
  eden space 19456K, 0% used [0x00000000eab00000,0x00000000eab00000,0x00000000ebe00000)
  from space 1024K, 90% used [0x00000000ebf00000,0x00000000ebfe8000,0x00000000ec000000)
  to   space 1024K, 0% used [0x00000000ebe00000,0x00000000ebe00000,0x00000000ebf00000)
 ParOldGen       total 68608K, used 26742K [0x00000000c0000000, 0x00000000c4300000, 0x00000000eab00000)
  object space 68608K, 38% used [0x00000000c0000000,0x00000000c1a1d830,0x00000000c4300000)
 Metaspace       used 41204K, committed 42368K, reserved 1114112K
  class space    used 4254K, committed 4736K, reserved 1048576K
}

