# JRE version: OpenJDK Runtime Environment Temurin-21.0.7+6 (21.0.7+6) (build 21.0.7+6-LTS)
# Java VM: OpenJDK 64-Bit Server VM Temurin-21.0.7+6 (21.0.7+6-LTS, mixed mode, sharing, tiered, compressed oops, compressed class ptrs, parallel gc, windows-amd64)
GC Precious Log:
 CardTable entry size: 512
 CPUs: 12 total, 12 available
 Memory: 24236M
 Large Page Support: Disabled
 NUMA Support: Disabled
 Compressed Oops: Enabled (32-bit)
 Alignments: Space 512K, Generation 512K, Heap 2M
 Heap Min Capacity: 100M
 Heap Initial Capacity: 100M
 Heap Max Capacity: 1G
 Pre-touch: Disabled
 Parallel Workers: 10
Heap:
 PSYoungGen      total 5120K, used 2409K [0x00000000eab00000, 0x00000000eb180000, 0x0000000100000000)
  eden space 4096K, 34% used [0x00000000eab00000,0x00000000eac5db28,0x00000000eaf00000)
  from space 1024K, 98% used [0x00000000eb080000,0x00000000eb17cb40,0x00000000eb180000)
  to   space 512K, 0% used [0x00000000eaf00000,0x00000000eaf00000,0x00000000eaf80000)
 ParOldGen       total 175104K, used 174624K [0x00000000c0000000, 0x00000000cab00000, 0x00000000eab00000)
  object space 175104K, 99% used [0x00000000c0000000,0x00000000caa883a0,0x00000000cab00000)
 Metaspace       used 54304K, committed 55552K, reserved 1114112K
  class space    used 5706K, committed 6272K, reserved 1048576K
GC Heap History (20 events):
Event: 8.186 GC heap before
{Heap before GC invocations=98 (full 2):
 PSYoungGen      total 7168K, used 6857K [0x00000000eab00000, 0x00000000eb380000, 0x0000000100000000)
  eden space 5632K, 100% used [0x00000000eab00000,0x00000000eb080000,0x00000000eb080000)
  from space 1536K, 79% used [0x00000000eb080000,0x00000000eb1b2700,0x00000000eb200000)
  to   space 1536K, 0% used [0x00000000eb200000,0x00000000eb200000,0x00000000eb380000)
 ParOldGen       total 157184K, used 156837K [0x00000000c0000000, 0x00000000c9980000, 0x00000000eab00000)
  object space 157184K, 99% used [0x00000000c0000000,0x00000000c9929788,0x00000000c9980000)
 Metaspace       used 53901K, committed 55168K, reserved 1114112K
  class space    used 5643K, committed 6208K, reserved 1048576K
}
Event: 8.187 GC heap after
{Heap after GC invocations=98 (full 2):
 PSYoungGen      total 7168K, used 1392K [0x00000000eab00000, 0x00000000eb380000, 0x0000000100000000)
  eden space 5632K, 0% used [0x00000000eab00000,0x00000000eab00000,0x00000000eb080000)
  from space 1536K, 90% used [0x00000000eb200000,0x00000000eb35c3d0,0x00000000eb380000)
  to   space 1536K, 0% used [0x00000000eb080000,0x00000000eb080000,0x00000000eb200000)
 ParOldGen       total 158208K, used 157939K [0x00000000c0000000, 0x00000000c9a80000, 0x00000000eab00000)
  object space 158208K, 99% used [0x00000000c0000000,0x00000000c9a3cda0,0x00000000c9a80000)
 Metaspace       used 53901K, committed 55168K, reserved 1114112K
  class space    used 5643K, committed 6208K, reserved 1048576K
}
Event: 8.199 GC heap before
{Heap before GC invocations=99 (full 2):
 PSYoungGen      total 7168K, used 7024K [0x00000000eab00000, 0x00000000eb380000, 0x0000000100000000)
  eden space 5632K, 100% used [0x00000000eab00000,0x00000000eb080000,0x00000000eb080000)
  from space 1536K, 90% used [0x00000000eb200000,0x00000000eb35c3d0,0x00000000eb380000)
  to   space 1536K, 0% used [0x00000000eb080000,0x00000000eb080000,0x00000000eb200000)
 ParOldGen       total 158208K, used 157939K [0x00000000c0000000, 0x00000000c9a80000, 0x00000000eab00000)
  object space 158208K, 99% used [0x00000000c0000000,0x00000000c9a3cda0,0x00000000c9a80000)
 Metaspace       used 54012K, committed 55296K, reserved 1114112K
  class space    used 5658K, committed 6208K, reserved 1048576K
}
Event: 8.200 GC heap after
{Heap after GC invocations=99 (full 2):
 PSYoungGen      total 7168K, used 1381K [0x00000000eab00000, 0x00000000eb380000, 0x0000000100000000)
  eden space 5632K, 0% used [0x00000000eab00000,0x00000000eab00000,0x00000000eb080000)
  from space 1536K, 89% used [0x00000000eb080000,0x00000000eb1d9470,0x00000000eb200000)
  to   space 1536K, 0% used [0x00000000eb200000,0x00000000eb200000,0x00000000eb380000)
 ParOldGen       total 159232K, used 159175K [0x00000000c0000000, 0x00000000c9b80000, 0x00000000eab00000)
  object space 159232K, 99% used [0x00000000c0000000,0x00000000c9b71c88,0x00000000c9b80000)
 Metaspace       used 54012K, committed 55296K, reserved 1114112K
  class space    used 5658K, committed 6208K, reserved 1048576K
}
Event: 8.211 GC heap before
{Heap before GC invocations=100 (full 2):
 PSYoungGen      total 7168K, used 7013K [0x00000000eab00000, 0x00000000eb380000, 0x0000000100000000)
  eden space 5632K, 100% used [0x00000000eab00000,0x00000000eb080000,0x00000000eb080000)
  from space 1536K, 89% used [0x00000000eb080000,0x00000000eb1d9470,0x00000000eb200000)
  to   space 1536K, 0% used [0x00000000eb200000,0x00000000eb200000,0x00000000eb380000)
 ParOldGen       total 159232K, used 159175K [0x00000000c0000000, 0x00000000c9b80000, 0x00000000eab00000)
  object space 159232K, 99% used [0x00000000c0000000,0x00000000c9b71c88,0x00000000c9b80000)
 Metaspace       used 54073K, committed 55424K, reserved 1114112K
  class space    used 5665K, committed 6272K, reserved 1048576K
}
Event: 8.212 GC heap after
{Heap after GC invocations=100 (full 2):
 PSYoungGen      total 7168K, used 1320K [0x00000000eab00000, 0x00000000eb380000, 0x0000000100000000)
  eden space 5632K, 0% used [0x00000000eab00000,0x00000000eab00000,0x00000000eb080000)
  from space 1536K, 85% used [0x00000000eb200000,0x00000000eb34a338,0x00000000eb380000)
  to   space 1536K, 0% used [0x00000000eb080000,0x00000000eb080000,0x00000000eb200000)
 ParOldGen       total 160768K, used 160338K [0x00000000c0000000, 0x00000000c9d00000, 0x00000000eab00000)
  object space 160768K, 99% used [0x00000000c0000000,0x00000000c9c94b20,0x00000000c9d00000)
 Metaspace       used 54073K, committed 55424K, reserved 1114112K
  class space    used 5665K, committed 6272K, reserved 1048576K
}
Event: 8.230 GC heap before
{Heap before GC invocations=101 (full 2):
 PSYoungGen      total 7168K, used 6952K [0x00000000eab00000, 0x00000000eb380000, 0x0000000100000000)
  eden space 5632K, 100% used [0x00000000eab00000,0x00000000eb080000,0x00000000eb080000)
  from space 1536K, 85% used [0x00000000eb200000,0x00000000eb34a338,0x00000000eb380000)
  to   space 1536K, 0% used [0x00000000eb080000,0x00000000eb080000,0x00000000eb200000)
 ParOldGen       total 160768K, used 160338K [0x00000000c0000000, 0x00000000c9d00000, 0x00000000eab00000)
  object space 160768K, 99% used [0x00000000c0000000,0x00000000c9c94b20,0x00000000c9d00000)
 Metaspace       used 54227K, committed 55488K, reserved 1114112K
  class space    used 5690K, committed 6272K, reserved 1048576K
}
Event: 8.231 GC heap after
{Heap after GC invocations=101 (full 2):
 PSYoungGen      total 7168K, used 1286K [0x00000000eab00000, 0x00000000eb380000, 0x0000000100000000)
  eden space 5632K, 0% used [0x00000000eab00000,0x00000000eab00000,0x00000000eb080000)
  from space 1536K, 83% used [0x00000000eb080000,0x00000000eb1c1ab0,0x00000000eb200000)
  to   space 1536K, 0% used [0x00000000eb200000,0x00000000eb200000,0x00000000eb380000)
 ParOldGen       total 161792K, used 161444K [0x00000000c0000000, 0x00000000c9e00000, 0x00000000eab00000)
  object space 161792K, 99% used [0x00000000c0000000,0x00000000c9da9030,0x00000000c9e00000)
 Metaspace       used 54227K, committed 55488K, reserved 1114112K
  class space    used 5690K, committed 6272K, reserved 1048576K
}
Event: 8.244 GC heap before
{Heap before GC invocations=102 (full 2):
 PSYoungGen      total 7168K, used 6918K [0x00000000eab00000, 0x00000000eb380000, 0x0000000100000000)
  eden space 5632K, 100% used [0x00000000eab00000,0x00000000eb080000,0x00000000eb080000)
  from space 1536K, 83% used [0x00000000eb080000,0x00000000eb1c1ab0,0x00000000eb200000)
  to   space 1536K, 0% used [0x00000000eb200000,0x00000000eb200000,0x00000000eb380000)
 ParOldGen       total 161792K, used 161444K [0x00000000c0000000, 0x00000000c9e00000, 0x00000000eab00000)
  object space 161792K, 99% used [0x00000000c0000000,0x00000000c9da9030,0x00000000c9e00000)
 Metaspace       used 54239K, committed 55552K, reserved 1114112K
  class space    used 5691K, committed 6272K, reserved 1048576K
}
Event: 8.245 GC heap after
{Heap after GC invocations=102 (full 2):
 PSYoungGen      total 5632K, used 1505K [0x00000000eab00000, 0x00000000eb680000, 0x0000000100000000)
  eden space 4096K, 0% used [0x00000000eab00000,0x00000000eab00000,0x00000000eaf00000)
  from space 1536K, 97% used [0x00000000eb200000,0x00000000eb378408,0x00000000eb380000)
  to   space 3072K, 0% used [0x00000000eaf00000,0x00000000eaf00000,0x00000000eb200000)
 ParOldGen       total 162816K, used 162551K [0x00000000c0000000, 0x00000000c9f00000, 0x00000000eab00000)
  object space 162816K, 99% used [0x00000000c0000000,0x00000000c9ebdcf8,0x00000000c9f00000)
 Metaspace       used 54239K, committed 55552K, reserved 1114112K
  class space    used 5691K, committed 6272K, reserved 1048576K
}
Event: 8.254 GC heap before
{Heap before GC invocations=103 (full 2):
 PSYoungGen      total 5632K, used 5601K [0x00000000eab00000, 0x00000000eb680000, 0x0000000100000000)
  eden space 4096K, 100% used [0x00000000eab00000,0x00000000eaf00000,0x00000000eaf00000)
  from space 1536K, 97% used [0x00000000eb200000,0x00000000eb378408,0x00000000eb380000)
  to   space 3072K, 0% used [0x00000000eaf00000,0x00000000eaf00000,0x00000000eb200000)
 ParOldGen       total 162816K, used 162551K [0x00000000c0000000, 0x00000000c9f00000, 0x00000000eab00000)
  object space 162816K, 99% used [0x00000000c0000000,0x00000000c9ebdcf8,0x00000000c9f00000)
 Metaspace       used 54239K, committed 55552K, reserved 1114112K
  class space    used 5691K, committed 6272K, reserved 1048576K
}
Event: 8.256 GC heap after
{Heap after GC invocations=103 (full 2):
 PSYoungGen      total 6144K, used 1691K [0x00000000eab00000, 0x00000000eb300000, 0x0000000100000000)
  eden space 4096K, 0% used [0x00000000eab00000,0x00000000eab00000,0x00000000eaf00000)
  from space 2048K, 82% used [0x00000000eaf00000,0x00000000eb0a6f70,0x00000000eb100000)
  to   space 2048K, 0% used [0x00000000eb100000,0x00000000eb100000,0x00000000eb300000)
 ParOldGen       total 164352K, used 164027K [0x00000000c0000000, 0x00000000ca080000, 0x00000000eab00000)
  object space 164352K, 99% used [0x00000000c0000000,0x00000000ca02ec68,0x00000000ca080000)
 Metaspace       used 54239K, committed 55552K, reserved 1114112K
  class space    used 5691K, committed 6272K, reserved 1048576K
}
Event: 8.265 GC heap before
{Heap before GC invocations=104 (full 2):
 PSYoungGen      total 6144K, used 5787K [0x00000000eab00000, 0x00000000eb300000, 0x0000000100000000)
  eden space 4096K, 100% used [0x00000000eab00000,0x00000000eaf00000,0x00000000eaf00000)
  from space 2048K, 82% used [0x00000000eaf00000,0x00000000eb0a6f70,0x00000000eb100000)
  to   space 2048K, 0% used [0x00000000eb100000,0x00000000eb100000,0x00000000eb300000)
 ParOldGen       total 164352K, used 164027K [0x00000000c0000000, 0x00000000ca080000, 0x00000000eab00000)
  object space 164352K, 99% used [0x00000000c0000000,0x00000000ca02ec68,0x00000000ca080000)
 Metaspace       used 54239K, committed 55552K, reserved 1114112K
  class space    used 5691K, committed 6272K, reserved 1048576K
}
Event: 8.266 GC heap after
{Heap after GC invocations=104 (full 2):
 PSYoungGen      total 6144K, used 1763K [0x00000000eab00000, 0x00000000eb300000, 0x0000000100000000)
  eden space 4096K, 0% used [0x00000000eab00000,0x00000000eab00000,0x00000000eaf00000)
  from space 2048K, 86% used [0x00000000eb100000,0x00000000eb2b8d88,0x00000000eb300000)
  to   space 2048K, 0% used [0x00000000eaf00000,0x00000000eaf00000,0x00000000eb100000)
 ParOldGen       total 165888K, used 165557K [0x00000000c0000000, 0x00000000ca200000, 0x00000000eab00000)
  object space 165888K, 99% used [0x00000000c0000000,0x00000000ca1ad548,0x00000000ca200000)
 Metaspace       used 54239K, committed 55552K, reserved 1114112K
  class space    used 5691K, committed 6272K, reserved 1048576K
}
Event: 8.279 GC heap before
{Heap before GC invocations=105 (full 2):
 PSYoungGen      total 6144K, used 5859K [0x00000000eab00000, 0x00000000eb300000, 0x0000000100000000)
  eden space 4096K, 99% used [0x00000000eab00000,0x00000000eaefff20,0x00000000eaf00000)
  from space 2048K, 86% used [0x00000000eb100000,0x00000000eb2b8d88,0x00000000eb300000)
  to   space 2048K, 0% used [0x00000000eaf00000,0x00000000eaf00000,0x00000000eb100000)
 ParOldGen       total 165888K, used 165557K [0x00000000c0000000, 0x00000000ca200000, 0x00000000eab00000)
  object space 165888K, 99% used [0x00000000c0000000,0x00000000ca1ad548,0x00000000ca200000)
 Metaspace       used 54257K, committed 55552K, reserved 1114112K
  class space    used 5696K, committed 6272K, reserved 1048576K
}
Event: 8.283 GC heap after
{Heap after GC invocations=105 (full 2):
 PSYoungGen      total 6144K, used 1660K [0x00000000eab00000, 0x00000000eb300000, 0x0000000100000000)
  eden space 4096K, 0% used [0x00000000eab00000,0x00000000eab00000,0x00000000eaf00000)
  from space 2048K, 81% used [0x00000000eaf00000,0x00000000eb09f028,0x00000000eb100000)
  to   space 2048K, 0% used [0x00000000eb100000,0x00000000eb100000,0x00000000eb300000)
 ParOldGen       total 167424K, used 167208K [0x00000000c0000000, 0x00000000ca380000, 0x00000000eab00000)
  object space 167424K, 99% used [0x00000000c0000000,0x00000000ca34a0c8,0x00000000ca380000)
 Metaspace       used 54257K, committed 55552K, reserved 1114112K
  class space    used 5696K, committed 6272K, reserved 1048576K
}
Event: 8.292 GC heap before
{Heap before GC invocations=106 (full 2):
 PSYoungGen      total 6144K, used 5756K [0x00000000eab00000, 0x00000000eb300000, 0x0000000100000000)
  eden space 4096K, 100% used [0x00000000eab00000,0x00000000eaf00000,0x00000000eaf00000)
  from space 2048K, 81% used [0x00000000eaf00000,0x00000000eb09f028,0x00000000eb100000)
  to   space 2048K, 0% used [0x00000000eb100000,0x00000000eb100000,0x00000000eb300000)
 ParOldGen       total 167424K, used 167208K [0x00000000c0000000, 0x00000000ca380000, 0x00000000eab00000)
  object space 167424K, 99% used [0x00000000c0000000,0x00000000ca34a0c8,0x00000000ca380000)
 Metaspace       used 54260K, committed 55552K, reserved 1114112K
  class space    used 5696K, committed 6272K, reserved 1048576K
}
Event: 8.294 GC heap after
{Heap after GC invocations=106 (full 2):
 PSYoungGen      total 6144K, used 1700K [0x00000000eab00000, 0x00000000eb300000, 0x0000000100000000)
  eden space 4096K, 0% used [0x00000000eab00000,0x00000000eab00000,0x00000000eaf00000)
  from space 2048K, 83% used [0x00000000eb100000,0x00000000eb2a9350,0x00000000eb300000)
  to   space 2048K, 0% used [0x00000000eaf00000,0x00000000eaf00000,0x00000000eb100000)
 ParOldGen       total 168960K, used 168778K [0x00000000c0000000, 0x00000000ca500000, 0x00000000eab00000)
  object space 168960K, 99% used [0x00000000c0000000,0x00000000ca4d2980,0x00000000ca500000)
 Metaspace       used 54260K, committed 55552K, reserved 1114112K
  class space    used 5696K, committed 6272K, reserved 1048576K
}
Event: 8.299 GC heap before
{Heap before GC invocations=107 (full 2):
 PSYoungGen      total 6144K, used 5796K [0x00000000eab00000, 0x00000000eb300000, 0x0000000100000000)
  eden space 4096K, 100% used [0x00000000eab00000,0x00000000eaf00000,0x00000000eaf00000)
  from space 2048K, 83% used [0x00000000eb100000,0x00000000eb2a9350,0x00000000eb300000)
  to   space 2048K, 0% used [0x00000000eaf00000,0x00000000eaf00000,0x00000000eb100000)
 ParOldGen       total 168960K, used 168778K [0x00000000c0000000, 0x00000000ca500000, 0x00000000eab00000)
  object space 168960K, 99% used [0x00000000c0000000,0x00000000ca4d2980,0x00000000ca500000)
 Metaspace       used 54260K, committed 55552K, reserved 1114112K
  class space    used 5696K, committed 6272K, reserved 1048576K
}
Event: 8.302 GC heap after
{Heap after GC invocations=107 (full 2):
 PSYoungGen      total 4608K, used 466K [0x00000000eab00000, 0x00000000eb180000, 0x0000000100000000)
  eden space 4096K, 0% used [0x00000000eab00000,0x00000000eab00000,0x00000000eaf00000)
  from space 512K, 91% used [0x00000000eaf00000,0x00000000eaf74b10,0x00000000eaf80000)
  to   space 1024K, 0% used [0x00000000eb080000,0x00000000eb080000,0x00000000eb180000)
 ParOldGen       total 173568K, used 173347K [0x00000000c0000000, 0x00000000ca980000, 0x00000000eab00000)
  object space 173568K, 99% used [0x00000000c0000000,0x00000000ca948d68,0x00000000ca980000)
 Metaspace       used 54260K, committed 55552K, reserved 1114112K
  class space    used 5696K, committed 6272K, reserved 1048576K
}

